Unknown command: 'runserve'. Did you mean runserver?
Type 'manage.py help' for usage.
Unknown command: 'runserve'. Did you mean runserver?
Type 'manage.py help' for usage.
Unknown command: 'runserve'. Did you mean runserver?
Type 'manage.py help' for usage.
Unknown command: 'runserve'. Did you mean runserver?
Type 'manage.py help' for usage.
Watching for file changes with StatReloader
System check identified some issues:

WARNINGS:
todos.Todo: (models.W042) Auto-created primary key used when not defining a primary key type, by default 'django.db.models.AutoField'.
	HINT: Configure the DEFAULT_AUTO_FIELD setting or the TodosConfig.default_auto_field attribute to point to a subclass of AutoField, e.g. 'django.db.models.BigAutoField'.

System check identified 1 issue (0 silenced).
Watching for file changes with StatReloader
System check identified some issues:

WARNINGS:
todos.Todo: (models.W042) Auto-created primary key used when not defining a primary key type, by default 'django.db.models.AutoField'.
	HINT: Configure the DEFAULT_AUTO_FIELD setting or the TodosConfig.default_auto_field attribute to point to a subclass of AutoField, e.g. 'django.db.models.BigAutoField'.

System check identified 1 issue (0 silenced).
Error: That port is already in use.
[29/Mar/2024 01:41:19] "GET /todos/ HTTP/1.1" 200 4094
[29/Mar/2024 01:41:20] "GET /static/css/style.css HTTP/1.1" 304 0
[29/Mar/2024 01:41:24] "POST /todos/add/ HTTP/1.1" 302 0
[29/Mar/2024 01:41:24] "POST /todos/add/ HTTP/1.1" 302 0
[29/Mar/2024 01:41:24] "GET /todos/ HTTP/1.1" 200 5252
